<?xml version="1.0" encoding="UTF-8"?>
<testsuite xmlns:xsi="http://www.w3.org/2001/XMLSchema-instance" xsi:noNamespaceSchemaLocation="https://maven.apache.org/surefire/maven-surefire-plugin/xsd/surefire-test-report.xsd" name="test.nz.ac.vuw.swen301.assignment3.Resthome4LogsAppenderTests" time="0.797" tests="8" errors="0" skipped="0" failures="0">
  <properties>
    <property name="awt.toolkit" value="sun.awt.X11.XToolkit"/>
    <property name="file.encoding.pkg" value="sun.io"/>
    <property name="java.specification.version" value="1.8"/>
    <property name="sun.cpu.isalist" value=""/>
    <property name="sun.jnu.encoding" value="UTF-8"/>
    <property name="java.class.path" value="/am/rialto/home1/hoongkevi/git/assignment3-client/target/test-classes:/am/rialto/home1/hoongkevi/git/assignment3-client/target/classes:/home/hoongkevi/.m2/repository/junit/junit/4.11/junit-4.11.jar:/home/hoongkevi/.m2/repository/org/hamcrest/hamcrest-core/1.3/hamcrest-core-1.3.jar:/home/hoongkevi/.m2/repository/log4j/log4j/1.2.17/log4j-1.2.17.jar:/home/hoongkevi/.m2/repository/org/json/json/20180813/json-20180813.jar:/home/hoongkevi/.m2/repository/javax/servlet/javax.servlet-api/3.1.0/javax.servlet-api-3.1.0.jar:/home/hoongkevi/.m2/repository/org/apache/httpcomponents/httpclient/4.5.8/httpclient-4.5.8.jar:/home/hoongkevi/.m2/repository/org/apache/httpcomponents/httpcore/4.4.11/httpcore-4.4.11.jar:/home/hoongkevi/.m2/repository/commons-logging/commons-logging/1.2/commons-logging-1.2.jar:/home/hoongkevi/.m2/repository/commons-codec/commons-codec/1.11/commons-codec-1.11.jar:/home/hoongkevi/.m2/repository/org/apache/poi/poi-ooxml/4.1.0/poi-ooxml-4.1.0.jar:/home/hoongkevi/.m2/repository/org/apache/poi/poi/4.1.0/poi-4.1.0.jar:/home/hoongkevi/.m2/repository/org/apache/commons/commons-collections4/4.3/commons-collections4-4.3.jar:/home/hoongkevi/.m2/repository/org/apache/commons/commons-math3/3.6.1/commons-math3-3.6.1.jar:/home/hoongkevi/.m2/repository/org/apache/poi/poi-ooxml-schemas/4.1.0/poi-ooxml-schemas-4.1.0.jar:/home/hoongkevi/.m2/repository/org/apache/xmlbeans/xmlbeans/3.1.0/xmlbeans-3.1.0.jar:/home/hoongkevi/.m2/repository/org/apache/commons/commons-compress/1.18/commons-compress-1.18.jar:/home/hoongkevi/.m2/repository/com/github/virtuald/curvesapi/1.06/curvesapi-1.06.jar:"/>
    <property name="java.vm.vendor" value="Oracle Corporation"/>
    <property name="sun.arch.data.model" value="64"/>
    <property name="java.vendor.url" value="http://java.oracle.com/"/>
    <property name="user.timezone" value=""/>
    <property name="java.vm.specification.version" value="1.8"/>
    <property name="os.name" value="Linux"/>
    <property name="user.country" value="NZ"/>
    <property name="sun.java.launcher" value="SUN_STANDARD"/>
    <property name="sun.boot.library.path" value="/usr/pkg/java/sun-8/jre/lib/amd64"/>
    <property name="sun.java.command" value="/am/rialto/home1/hoongkevi/git/assignment3-client/target/surefire/surefirebooter517623317885439758.jar /am/rialto/home1/hoongkevi/git/assignment3-client/target/surefire 2019-06-17T07-38-11_906-jvmRun1 surefire395919880112354902tmp surefire_04895288863279683626tmp"/>
    <property name="surefire.test.class.path" value="/am/rialto/home1/hoongkevi/git/assignment3-client/target/test-classes:/am/rialto/home1/hoongkevi/git/assignment3-client/target/classes:/home/hoongkevi/.m2/repository/junit/junit/4.11/junit-4.11.jar:/home/hoongkevi/.m2/repository/org/hamcrest/hamcrest-core/1.3/hamcrest-core-1.3.jar:/home/hoongkevi/.m2/repository/log4j/log4j/1.2.17/log4j-1.2.17.jar:/home/hoongkevi/.m2/repository/org/json/json/20180813/json-20180813.jar:/home/hoongkevi/.m2/repository/javax/servlet/javax.servlet-api/3.1.0/javax.servlet-api-3.1.0.jar:/home/hoongkevi/.m2/repository/org/apache/httpcomponents/httpclient/4.5.8/httpclient-4.5.8.jar:/home/hoongkevi/.m2/repository/org/apache/httpcomponents/httpcore/4.4.11/httpcore-4.4.11.jar:/home/hoongkevi/.m2/repository/commons-logging/commons-logging/1.2/commons-logging-1.2.jar:/home/hoongkevi/.m2/repository/commons-codec/commons-codec/1.11/commons-codec-1.11.jar:/home/hoongkevi/.m2/repository/org/apache/poi/poi-ooxml/4.1.0/poi-ooxml-4.1.0.jar:/home/hoongkevi/.m2/repository/org/apache/poi/poi/4.1.0/poi-4.1.0.jar:/home/hoongkevi/.m2/repository/org/apache/commons/commons-collections4/4.3/commons-collections4-4.3.jar:/home/hoongkevi/.m2/repository/org/apache/commons/commons-math3/3.6.1/commons-math3-3.6.1.jar:/home/hoongkevi/.m2/repository/org/apache/poi/poi-ooxml-schemas/4.1.0/poi-ooxml-schemas-4.1.0.jar:/home/hoongkevi/.m2/repository/org/apache/xmlbeans/xmlbeans/3.1.0/xmlbeans-3.1.0.jar:/home/hoongkevi/.m2/repository/org/apache/commons/commons-compress/1.18/commons-compress-1.18.jar:/home/hoongkevi/.m2/repository/com/github/virtuald/curvesapi/1.06/curvesapi-1.06.jar:"/>
    <property name="sun.cpu.endian" value="little"/>
    <property name="user.home" value="/home/hoongkevi"/>
    <property name="user.language" value="en"/>
    <property name="java.specification.vendor" value="Oracle Corporation"/>
    <property name="java.home" value="/usr/pkg/java/sun-8/jre"/>
    <property name="basedir" value="/am/rialto/home1/hoongkevi/git/assignment3-client"/>
    <property name="file.separator" value="/"/>
    <property name="line.separator" value="&#10;"/>
    <property name="java.vm.specification.vendor" value="Oracle Corporation"/>
    <property name="java.specification.name" value="Java Platform API Specification"/>
    <property name="java.awt.graphicsenv" value="sun.awt.X11GraphicsEnvironment"/>
    <property name="surefire.real.class.path" value="/am/rialto/home1/hoongkevi/git/assignment3-client/target/surefire/surefirebooter517623317885439758.jar:/home/hoongkevi/.m2/repository/org/jacoco/org.jacoco.agent/0.8.2/org.jacoco.agent-0.8.2-runtime.jar"/>
    <property name="sun.boot.class.path" value="/usr/pkg/java/sun-8/jre/lib/resources.jar:/usr/pkg/java/sun-8/jre/lib/rt.jar:/usr/pkg/java/sun-8/jre/lib/sunrsasign.jar:/usr/pkg/java/sun-8/jre/lib/jsse.jar:/usr/pkg/java/sun-8/jre/lib/jce.jar:/usr/pkg/java/sun-8/jre/lib/charsets.jar:/usr/pkg/java/sun-8/jre/lib/jfr.jar:/usr/pkg/java/sun-8/jre/classes"/>
    <property name="sun.management.compiler" value="HotSpot 64-Bit Tiered Compilers"/>
    <property name="java.runtime.version" value="1.8.0_172-b11"/>
    <property name="user.name" value="hoongkevi"/>
    <property name="path.separator" value=":"/>
    <property name="os.version" value="4.18.16-arch1-1-ARCH"/>
    <property name="java.endorsed.dirs" value="/usr/pkg/java/sun-8/jre/lib/endorsed"/>
    <property name="java.runtime.name" value="Java(TM) SE Runtime Environment"/>
    <property name="file.encoding" value="UTF-8"/>
    <property name="java.vm.name" value="Java HotSpot(TM) 64-Bit Server VM"/>
    <property name="localRepository" value="/home/hoongkevi/.m2/repository"/>
    <property name="java.vendor.url.bug" value="http://bugreport.sun.com/bugreport/"/>
    <property name="java.io.tmpdir" value="/tmp"/>
    <property name="java.version" value="1.8.0_172"/>
    <property name="user.dir" value="/am/rialto/home1/hoongkevi/git/assignment3-client"/>
    <property name="os.arch" value="amd64"/>
    <property name="java.vm.specification.name" value="Java Virtual Machine Specification"/>
    <property name="java.awt.printerjob" value="sun.print.PSPrinterJob"/>
    <property name="sun.os.patch.level" value="unknown"/>
    <property name="java.library.path" value="/usr/java/packages/lib/amd64:/usr/lib64:/lib64:/lib:/usr/lib"/>
    <property name="java.vm.info" value="mixed mode"/>
    <property name="java.vendor" value="Oracle Corporation"/>
    <property name="java.vm.version" value="25.172-b11"/>
    <property name="java.ext.dirs" value="/usr/pkg/java/sun-8/jre/lib/ext:/usr/java/packages/lib/ext"/>
    <property name="sun.io.unicode.encoding" value="UnicodeLittle"/>
    <property name="java.class.version" value="52.0"/>
  </properties>
  <testcase name="AppenderCacheTest" classname="test.nz.ac.vuw.swen301.assignment3.Resthome4LogsAppenderTests" time="0.527"/>
  <testcase name="AppenderUUIDTest" classname="test.nz.ac.vuw.swen301.assignment3.Resthome4LogsAppenderTests" time="0.008"/>
  <testcase name="AppenderTimeStampTest" classname="test.nz.ac.vuw.swen301.assignment3.Resthome4LogsAppenderTests" time="0.009"/>
  <testcase name="INFOAppenderTest3" classname="test.nz.ac.vuw.swen301.assignment3.Resthome4LogsAppenderTests" time="0.036"/>
  <testcase name="ERRORAppenderTest3" classname="test.nz.ac.vuw.swen301.assignment3.Resthome4LogsAppenderTests" time="0.035"/>
  <testcase name="DEBUGAppenderTest3" classname="test.nz.ac.vuw.swen301.assignment3.Resthome4LogsAppenderTests" time="0.034"/>
  <testcase name="WARNAppenderTest3" classname="test.nz.ac.vuw.swen301.assignment3.Resthome4LogsAppenderTests" time="0.047"/>
  <testcase name="FATALAppenderTest3" classname="test.nz.ac.vuw.swen301.assignment3.Resthome4LogsAppenderTests" time="0.05"/>
</testsuite>